{
    "user_id": "U039KPWCFEF",
    "timestamp": "2025-01-09T17:09:37.008482",
    "actions": [
        {
            "action_id": "submit_survey",
            "block_id": "submit_block",
            "text": {
                "type": "plain_text",
                "text": "Submit",
                "emoji": true
            },
            "style": "primary",
            "type": "button",
            "action_ts": "1736442576.904103"
        }
    ]
}
{
    "user_id": "U039KPWCFEF",
    "timestamp": "2025-01-09T17:10:26.722086",
    "actions": [
        {
            "action_id": "submit_survey",
            "block_id": "submit_block",
            "text": {
                "type": "plain_text",
                "text": "Submit",
                "emoji": true
            },
            "style": "primary",
            "type": "button",
            "action_ts": "1736442626.543317"
        }
    ]
}
{
    "user_id": "U039KPWCFEF",
    "timestamp": "2025-01-09T17:10:51.774687",
    "actions": [
        {
            "action_id": "submit_survey",
            "block_id": "submit_block",
            "text": {
                "type": "plain_text",
                "text": "Submit",
                "emoji": true
            },
            "style": "primary",
            "type": "button",
            "action_ts": "1736442651.646327"
        }
    ]
}
{
    "user_id": "U039KPWCFEF",
    "timestamp": "2025-01-09T17:13:16.674398",
    "responses": {
        "checkboxes-action": [
            "Participating in a hackathon",
            "Creating or curating content (like slides, graphics, or notes) for community use"
        ],
        "veAzn": "asdf",
        "LX8pd": "asdf",
        "BnYXS": "asdf"
    },
    "actions": [
        {
            "action_id": "submit_survey",
            "block_id": "submit_block",
            "text": {
                "type": "plain_text",
                "text": "Submit",
                "emoji": true
            },
            "style": "primary",
            "type": "button",
            "action_ts": "1736442796.560068"
        }
    ]
}
{
    "user_id": "U039KPWCFEF",
    "timestamp": "2025-01-09T17:14:39.494758",
    "responses": {
        "checkboxes-action": [
            "Participating in a hackathon",
            "Creating or curating content (like slides, graphics, or notes) for community use"
        ],
        "veAzn": "asdf",
        "LX8pd": "asdf",
        "BnYXS": "asdf"
    },
    "actions": [
        {
            "action_id": "submit_survey",
            "block_id": "submit_block",
            "text": {
                "type": "plain_text",
                "text": "Submit",
                "emoji": true
            },
            "style": "primary",
            "type": "button",
            "action_ts": "1736442879.338209"
        }
    ]
}
{
    "user_id": "lddemi",
    "timestamp": "2025-01-09T17:14:55.032764",
    "responses": {
        "checkboxes-action": [
            "Participating in a hackathon",
            "Creating or curating content (like slides, graphics, or notes) for community use"
        ],
        "veAzn": "asdf",
        "LX8pd": "asdf",
        "BnYXS": "asdf"
    },
    "actions": [
        {
            "action_id": "submit_survey",
            "block_id": "submit_block",
            "text": {
                "type": "plain_text",
                "text": "Submit",
                "emoji": true
            },
            "style": "primary",
            "type": "button",
            "action_ts": "1736442894.928338"
        }
    ]
}
{
    "user_id": "lddemi",
    "timestamp": "2025-01-09T17:18:11.102346",
    "responses": {
        "checkboxes-action": [
            "Participating in a hackathon",
            "Creating or curating content (like slides, graphics, or notes) for community use"
        ],
        "veAzn": "asdf",
        "LX8pd": "asdf",
        "BnYXS": "asdf"
    },
    "actions": [
        {
            "action_id": "submit_survey",
            "block_id": "submit_block",
            "text": {
                "type": "plain_text",
                "text": "Submit",
                "emoji": true
            },
            "style": "primary",
            "type": "button",
            "action_ts": "1736443090.848418"
        }
    ]
}
